<?xml version="1.0" encoding="UTF-8"?>
<!-- Generated by org.testng.reporters.JUnitReportReporter -->
<testsuite hostname="IBM-PF3P51VK" failures="0" tests="2" name="cucumber.TestNGTestRunner" time="0.067" errors="0" timestamp="2025-04-23T12:33:31 IST" skipped="0">
  <testcase classname="cucumber.TestNGTestRunner" name="runScenario" time="0.064"/>
  <testcase classname="cucumber.TestNGTestRunner" name="runScenario" time="0.003"/>
</testsuite> <!-- cucumber.TestNGTestRunner -->
