<?xml version="1.0" encoding="UTF-8"?>
<!-- Generated by org.testng.reporters.JUnitReportReporter -->
<testsuite hostname="IBM-PF3P51VK" failures="0" tests="1" name="Snaco.ErrorValidations" time="17.826" errors="0" timestamp="2025-04-13T11:12:01 IST" skipped="0">
  <testcase classname="Snaco.ErrorValidations" name="ProductErrorvalidation" time="17.826"/>
</testsuite> <!-- Snaco.ErrorValidations -->
