<?xml version="1.0" encoding="UTF-8"?>
<!-- Generated by org.testng.reporters.JUnitReportReporter -->
<testsuite hostname="IBM-PF3P51VK" failures="0" tests="1" name="Snaco.AppTest" time="0.009" errors="0" timestamp="2025-04-09T16:04:14 IST" skipped="0">
  <testcase classname="Snaco.AppTest" name="shouldAnswerWithTrue" time="0.009"/>
</testsuite> <!-- Snaco.AppTest -->
