<?xml version="1.0" encoding="UTF-8"?>
<!-- Generated by org.testng.reporters.JUnitReportReporter -->
<testsuite hostname="IBM-PF3P51VK" failures="0" tests="1" name="Data.DataReader" time="0.262" errors="0" timestamp="2025-04-13T15:02:37 IST" skipped="0">
  <testcase classname="Data.DataReader" name="getJsonDataToMap" time="0.262"/>
</testsuite> <!-- Data.DataReader -->
